Построение начато 27.06.2016 19:41:47.
     1>Проект "C:\Users\dmitry\Desktop\video\mimik\mimik\mimik.vcxproj" в узле 2 (целевые объекты build).
     1>InitializeBuildStatus:
         Обращение к "Debug\mimik.unsuccessfulbuild".
       ClCompile:
         Для всех выходных данных обновления не требуется.
         C:\Program Files\Microsoft Visual Studio 10.0\VC\bin\CL.exe /c /ZI /nologo /W3 /WX- /Od /Oy- /D WIN32 /D _DEBUG /D _CONSOLE /D _UNICODE /D UNICODE /Gm /EHsc /RTC1 /MDd /GS /fp:precise /Zc:wchar_t /Zc:forScope /Yu"StdAfx.h" /Fp"Debug\mimik.pch" /Fo"Debug\\" /Fd"Debug\vc100.pdb" /Gd /TP /analyze- /errorReport:prompt mimik.cpp
         mimik.cpp
     1>c:\users\dmitry\desktop\video\mimik\mimik\include\opencv2\flann\logger.h(66): warning C4996: 'fopen': This function or variable may be unsafe. Consider using fopen_s instead. To disable deprecation, use _CRT_SECURE_NO_WARNINGS. See online help for details.
                 c:\program files\microsoft visual studio 10.0\vc\include\stdio.h(234): см. объявление "fopen"
       Link:
         C:\Program Files\Microsoft Visual Studio 10.0\VC\bin\link.exe /ERRORREPORT:PROMPT /OUT:"C:\Users\dmitry\Desktop\video\mimik\Debug\mimik.exe" /INCREMENTAL:NO /NOLOGO opencv_core249d.lib opencv_video249d.lib opencv_highgui249d.lib opencv_imgproc249d.lib opencv_ml249d.lib opencv_objdetect249d.lib kernel32.lib user32.lib gdi32.lib winspool.lib comdlg32.lib advapi32.lib shell32.lib ole32.lib oleaut32.lib uuid.lib odbc32.lib odbccp32.lib /MANIFEST /ManifestFile:"Debug\mimik.exe.intermediate.manifest" /MANIFESTUAC:"level='asInvoker' uiAccess='false'" /DEBUG /PDB:"C:\Users\dmitry\Desktop\video\mimik\Debug\mimik.pdb" /SUBSYSTEM:CONSOLE /TLBID:1 /DYNAMICBASE /NXCOMPAT /IMPLIB:"C:\Users\dmitry\Desktop\video\mimik\Debug\mimik.lib" /MACHINE:X86 Debug\mimik.obj
         Debug\stdafx.obj
     1>mimik.obj : warning LNK4075: не учитывается "/EDITANDCONTINUE" из-за спецификации "/INCREMENTAL:NO"
         mimik.vcxproj -> C:\Users\dmitry\Desktop\video\mimik\Debug\mimik.exe
       Manifest:
         C:\Program Files\Microsoft SDKs\Windows\v7.0A\bin\mt.exe /nologo /verbose /outputresource:"C:\Users\dmitry\Desktop\video\mimik\Debug\mimik.exe;#1" /manifest Debug\mimik.exe.intermediate.manifest
       FinalizeBuildStatus:
         Файл "Debug\mimik.unsuccessfulbuild" удаляется.
         Обращение к "Debug\mimik.lastbuildstate".
     1>Построение проекта "C:\Users\dmitry\Desktop\video\mimik\mimik\mimik.vcxproj" завершено (целевые объекты build).

Построение успешно завершено.

Затраченное время: 00:00:03.66
